<?xml version="1.0" encoding="UTF-8"?>
<!-- Generated by org.testng.reporters.JUnitReportReporter -->
<testsuite hostname="Sudip" name="com.mercurytours.test.TestNGdriver" tests="1" failures="0" timestamp="23 Oct 2019 16:13:33 GMT" time="24.847" errors="0">
  <testcase name="verifyValidLogin" time="24.847" classname="com.mercurytours.test.TestNGdriver"/>
</testsuite> <!-- com.mercurytours.test.TestNGdriver -->
